<?xml version="1.0" encoding="UTF-8"?>
<!-- Generated by org.testng.reporters.JUnitReportReporter -->
<testsuite hostname="L-EGE-DZTDKX3" failures="0" tests="1" name="companyName.projectName.e2etrial2_errors" time="6.157" errors="0" timestamp="2024-02-28T08:34:46 EET" skipped="0">
  <testcase classname="companyName.projectName.e2etrial2_errors" name="ProducterrorValidation" time="6.157"/>
  <system-out/>
</testsuite> <!-- companyName.projectName.e2etrial2_errors -->
