<?xml version="1.0" encoding="UTF-8"?>
<!-- Generated by org.testng.reporters.JUnitReportReporter -->
<testsuite hostname="L-EGE-DZTDKX3" failures="0" tests="1" name="companyName.projectName.e2etrial2_errors" time="10.888" errors="0" timestamp="2024-02-27T13:08:19 EET" skipped="0">
  <testcase classname="companyName.projectName.e2etrial2_errors" name="ProducterrorValidation" time="10.888"/>
</testsuite> <!-- companyName.projectName.e2etrial2_errors -->
